{"name": "test_reservation_cancel", "status": "broken", "statusDetails": {"message": "selenium.common.exceptions.TimeoutException: Message: \nStacktrace:\n\tGetHandleVerifier [0x00007FF7807FEEA2+31554]\n\t(No symbol) [0x00007FF780777ED9]\n\t(No symbol) [0x00007FF78063872A]\n\t(No symbol) [0x00007FF780688434]\n\t(No symbol) [0x00007FF78068853C]\n\t(No symbol) [0x00007FF7806CF6A7]\n\t(No symbol) [0x00007FF7806AD06F]\n\t(No symbol) [0x00007FF7806CC977]\n\t(No symbol) [0x00007FF7806ACDD3]\n\t(No symbol) [0x00007FF78067A33B]\n\t(No symbol) [0x00007FF78067AED1]\n\tGetHandleVerifier [0x00007FF780B08B1D+3217341]\n\tGetHandleVerifier [0x00007FF780B55AE3+3532675]\n\tGetHandleVerifier [0x00007FF780B4B0E0+3489152]\n\tGetHandleVerifier [0x00007FF7808AE776+750614]\n\t(No symbol) [0x00007FF78078375F]\n\t(No symbol) [0x00007FF78077EB14]\n\t(No symbol) [0x00007FF78077ECA2]\n\t(No symbol) [0x00007FF78076E16F]\n\tBaseThreadInitThunk [0x00007FF885997344+20]\n\tRtlUserThreadStart [0x00007FF886F1CC91+33]", "trace": "self = <test_reservation.TestReservation object at 0x000001B6F301E6C0>\n\n    def test_reservation_cancel(self):\n        self.page.home()\n        self.driver.execute_script(\"arguments[0].click();\", self.page.button_reservation)\n        self.page.reservation_popup()\n        self.driver.execute_script(\"arguments[0].click();\", self.page.button_reservation_cancel)\n        self.page.reservation_cancel_page()\n        self.page.approval_number.send_keys(\"123456\")\n        self.page.email.send_keys(\"invalid_email@gmail.com\")\n        self.page.cancellation_reason.send_keys(\"Test\")\n>       self.page.recaptcha_func()\n\ntest_reservation.py:23: \n_ _ _ _ _ _ _ _ _ _ _ _ _ _ _ _ _ _ _ _ _ _ _ _ _ _ _ _ _ _ _ _ _ _ _ _ _ _ _ _ _ _ _ _ _ _ _ _ _ _ _ _ _ _ _ _ _ _ _ _ _ _ _ _ _ _ _ _ _ _ _ _ _ _ _ _ _ _ _\n..\\pages\\page_reservation.py:31: in recaptcha_func\n    iframe = Driver.wait(self.driver, By.XPATH, \"iframe[title=\\\"reCAPTCHA\\\"]\")\n..\\utils\\Driver.py:14: in wait\n    return WebDriverWait(driver, timeout).until(ec.visibility_of_element_located((selector, element)))\n_ _ _ _ _ _ _ _ _ _ _ _ _ _ _ _ _ _ _ _ _ _ _ _ _ _ _ _ _ _ _ _ _ _ _ _ _ _ _ _ _ _ _ _ _ _ _ _ _ _ _ _ _ _ _ _ _ _ _ _ _ _ _ _ _ _ _ _ _ _ _ _ _ _ _ _ _ _ _\n\nself = <selenium.webdriver.support.wait.WebDriverWait (session=\"a7ebae638f25602249cb0916946e2664\")>\nmethod = <function visibility_of_element_located.<locals>._predicate at 0x000001B6F3BB9D00>, message = ''\n\n    def until(self, method: Callable[[D], Union[Literal[False], T]], message: str = \"\") -> T:\n        \"\"\"Calls the method provided with the driver as an argument until the \\\n        return value does not evaluate to ``False``.\n    \n        :param method: callable(WebDriver)\n        :param message: optional message for :exc:`TimeoutException`\n        :returns: the result of the last call to `method`\n        :raises: :exc:`selenium.common.exceptions.TimeoutException` if timeout occurs\n        \"\"\"\n        screen = None\n        stacktrace = None\n    \n        end_time = time.monotonic() + self._timeout\n        while True:\n            try:\n                value = method(self._driver)\n                if value:\n                    return value\n            except self._ignored_exceptions as exc:\n                screen = getattr(exc, \"screen\", None)\n                stacktrace = getattr(exc, \"stacktrace\", None)\n            time.sleep(self._poll)\n            if time.monotonic() > end_time:\n                break\n>       raise TimeoutException(message, screen, stacktrace)\nE       selenium.common.exceptions.TimeoutException: Message: \nE       Stacktrace:\nE       \tGetHandleVerifier [0x00007FF7807FEEA2+31554]\nE       \t(No symbol) [0x00007FF780777ED9]\nE       \t(No symbol) [0x00007FF78063872A]\nE       \t(No symbol) [0x00007FF780688434]\nE       \t(No symbol) [0x00007FF78068853C]\nE       \t(No symbol) [0x00007FF7806CF6A7]\nE       \t(No symbol) [0x00007FF7806AD06F]\nE       \t(No symbol) [0x00007FF7806CC977]\nE       \t(No symbol) [0x00007FF7806ACDD3]\nE       \t(No symbol) [0x00007FF78067A33B]\nE       \t(No symbol) [0x00007FF78067AED1]\nE       \tGetHandleVerifier [0x00007FF780B08B1D+3217341]\nE       \tGetHandleVerifier [0x00007FF780B55AE3+3532675]\nE       \tGetHandleVerifier [0x00007FF780B4B0E0+3489152]\nE       \tGetHandleVerifier [0x00007FF7808AE776+750614]\nE       \t(No symbol) [0x00007FF78078375F]\nE       \t(No symbol) [0x00007FF78077EB14]\nE       \t(No symbol) [0x00007FF78077ECA2]\nE       \t(No symbol) [0x00007FF78076E16F]\nE       \tBaseThreadInitThunk [0x00007FF885997344+20]\nE       \tRtlUserThreadStart [0x00007FF886F1CC91+33]\n\n..\\.venv\\Lib\\site-packages\\selenium\\webdriver\\support\\wait.py:105: TimeoutException"}, "start": 1720202303858, "stop": 1720202327810, "uuid": "d671b2c5-67b7-4155-8f20-c064825728ea", "historyId": "f18d4043ccd7262913558940f1425c45", "testCaseId": "f18d4043ccd7262913558940f1425c45", "fullName": "tests.test_reservation.TestReservation#test_reservation_cancel", "labels": [{"name": "parentSuite", "value": "tests"}, {"name": "suite", "value": "test_reservation"}, {"name": "subSuite", "value": "TestReservation"}, {"name": "host", "value": "Ercan"}, {"name": "thread", "value": "10164-MainThread"}, {"name": "framework", "value": "pytest"}, {"name": "language", "value": "cpython3"}, {"name": "package", "value": "tests.test_reservation"}]}